<?xml version="1.0" encoding="UTF-8"?>
<testng-results skipped="0" failed="0" ignored="0" total="1" passed="1">
  <reporter-output>
  </reporter-output>
  <suite name="Default suite" duration-ms="15102" started-at="2018-06-03T06:34:52Z" finished-at="2018-06-03T06:35:07Z">
    <groups>
    </groups>
    <test name="Default test" duration-ms="15102" started-at="2018-06-03T06:34:52Z" finished-at="2018-06-03T06:35:07Z">
      <class name="testcases.TC001_CreateLead">
        <test-method status="PASS" signature="beforeSuite()[pri:0, instance:testcases.TC001_CreateLead@127bd23]" name="beforeSuite" is-config="true" duration-ms="360" started-at="2018-06-03T06:34:52Z" finished-at="2018-06-03T06:34:52Z">
          <reporter-output>
          </reporter-output>
        </test-method> <!-- beforeSuite -->
        <test-method status="PASS" signature="setData()[pri:0, instance:testcases.TC001_CreateLead@127bd23]" name="setData" is-config="true" duration-ms="0" started-at="2018-06-03T06:34:52Z" finished-at="2018-06-03T06:34:52Z">
          <reporter-output>
          </reporter-output>
        </test-method> <!-- setData -->
        <test-method status="PASS" signature="beforeClass()[pri:0, instance:testcases.TC001_CreateLead@127bd23]" name="beforeClass" is-config="true" duration-ms="0" started-at="2018-06-03T06:34:52Z" finished-at="2018-06-03T06:34:52Z">
          <reporter-output>
          </reporter-output>
        </test-method> <!-- beforeClass -->
        <test-method status="PASS" signature="beforeMethod()[pri:0, instance:testcases.TC001_CreateLead@127bd23]" name="beforeMethod" is-config="true" duration-ms="4730" started-at="2018-06-03T06:34:53Z" finished-at="2018-06-03T06:34:57Z">
          <reporter-output>
          </reporter-output>
        </test-method> <!-- beforeMethod -->
        <test-method status="PASS" signature="loginAndLogout(java.lang.String, java.lang.String, java.lang.String, java.lang.String, java.lang.String)[pri:0, instance:testcases.TC001_CreateLead@127bd23]" name="loginAndLogout" duration-ms="9072" started-at="2018-06-03T06:34:57Z" data-provider="fetchData" finished-at="2018-06-03T06:35:06Z">
          <params>
            <param index="0">
              <value>
                <![CDATA[DemoSalesManager]]>
              </value>
            </param>
            <param index="1">
              <value>
                <![CDATA[crmsfa]]>
              </value>
            </param>
            <param index="2">
              <value>
                <![CDATA[Rohit]]>
              </value>
            </param>
            <param index="3">
              <value>
                <![CDATA[Mahendran]]>
              </value>
            </param>
            <param index="4">
              <value>
                <![CDATA[TechMahindra]]>
              </value>
            </param>
          </params>
          <reporter-output>
          </reporter-output>
        </test-method> <!-- loginAndLogout -->
        <test-method status="PASS" signature="afterMethod()[pri:0, instance:testcases.TC001_CreateLead@127bd23]" name="afterMethod" is-config="true" duration-ms="700" started-at="2018-06-03T06:35:06Z" finished-at="2018-06-03T06:35:07Z">
          <reporter-output>
          </reporter-output>
        </test-method> <!-- afterMethod -->
        <test-method status="PASS" signature="afterTest()[pri:0, instance:testcases.TC001_CreateLead@127bd23]" name="afterTest" is-config="true" duration-ms="0" started-at="2018-06-03T06:35:07Z" finished-at="2018-06-03T06:35:07Z">
          <reporter-output>
          </reporter-output>
        </test-method> <!-- afterTest -->
        <test-method status="PASS" signature="afterSuite()[pri:0, instance:testcases.TC001_CreateLead@127bd23]" name="afterSuite" is-config="true" duration-ms="322" started-at="2018-06-03T06:35:07Z" finished-at="2018-06-03T06:35:08Z">
          <reporter-output>
          </reporter-output>
        </test-method> <!-- afterSuite -->
      </class> <!-- testcases.TC001_CreateLead -->
    </test> <!-- Default test -->
  </suite> <!-- Default suite -->
</testng-results>
